========================================
型チェック中...
========================================

[Python] MyPy 型チェック中... (targets: agentflow)
Success: no issues found in 603 source files

[スキップ][TypeScript] agentflow/sdk/frontend (node_modules が見つかりません)
[スキップ][TypeScript] apps/decision_governance_engine/frontend (node_modules が見つかりません)
[TypeScript] apps/faq_system/frontend -> npx tsc --noEmit (fallback)
[スキップ][TypeScript] apps/market_trend_monitor/frontend (node_modules が見つかりません)
[TypeScript] apps/platform/frontend -> npm run type-check
../../../agentflow/i18n/frontend/I18nProvider.tsx(23,8): error TS2307: Cannot find module 'react' or its corresponding type declarations.
../../../agentflow/i18n/frontend/I18nProvider.tsx(90,15): error TS2550: Property 'replaceAll' does not exist on type 'string'. Do you need to change your target library? Try changing the 'lib' compiler option to 'es2021' or later.
../../../agentflow/i18n/frontend/I18nProvider.tsx(90,41): error TS7006: Parameter '_' implicitly has an 'any' type.
../../../agentflow/i18n/frontend/I18nProvider.tsx(138,5): error TS2875: This JSX tag requires the module path 'react/jsx-runtime' to exist, but none could be found. Make sure you have types for the appropriate package installed.
../../../agentflow/i18n/frontend/LocaleSwitcher.tsx(39,5): error TS2875: This JSX tag requires the module path 'react/jsx-runtime' to exist, but none could be found. Make sure you have types for the appropriate package installed.
[エラー][TypeScript] apps/platform/frontend で失敗しました
[分類][TypeScript] エラーコード上位:
      2 TS2875
      1 TS7006
      1 TS2550
      1 TS2307
[分析][TypeScript] 自動修復可否:
  - 自動修復困難: TS型不整合（実装か型宣言の修正が必要）
[TypeScript] apps/platform/frontend -> npx tsc --noEmit (fallback)
../../../agentflow/i18n/frontend/I18nProvider.tsx(23,8): error TS2307: Cannot find module 'react' or its corresponding type declarations.
../../../agentflow/i18n/frontend/I18nProvider.tsx(90,15): error TS2550: Property 'replaceAll' does not exist on type 'string'. Do you need to change your target library? Try changing the 'lib' compiler option to 'es2021' or later.
../../../agentflow/i18n/frontend/I18nProvider.tsx(90,41): error TS7006: Parameter '_' implicitly has an 'any' type.
../../../agentflow/i18n/frontend/I18nProvider.tsx(138,5): error TS2875: This JSX tag requires the module path 'react/jsx-runtime' to exist, but none could be found. Make sure you have types for the appropriate package installed.
../../../agentflow/i18n/frontend/LocaleSwitcher.tsx(39,5): error TS2875: This JSX tag requires the module path 'react/jsx-runtime' to exist, but none could be found. Make sure you have types for the appropriate package installed.
[エラー][TypeScript] apps/platform/frontend で失敗しました
[TypeScript] studio -> npm run type-check
