agentflow/skills/versioning/diff_engine.py:319:20: error: Need type annotation for "analysis"  [var-annotated]
agentflow/security/auth_client/config.py:38:25: error: Item "None" of "str | None" has no attribute "rstrip"  [union-attr]
agentflow/storage/backend.py:231:27: error: "BaseStorageBackend" has no attribute "get"; maybe "mget"?  [attr-defined]
agentflow/storage/backend.py:243:19: error: "BaseStorageBackend" has no attribute "set"; maybe "mset"?  [attr-defined]
agentflow/skills/pdf_export.py:84:13: error: Returning Any from function declared to return "dict[str, Any]"  [no-any-return]
agentflow/skills/conversation_export.py:282:35: error: Argument "user_name" to "ExportMessage" has incompatible type "Any | None"; expected "str"  [arg-type]
agentflow/skills/conversation_export.py:284:33: error: Argument "content" to "ExportMessage" has incompatible type "Any | None"; expected "str"  [arg-type]
agentflow/skills/versioning/version_store.py:210:13: error: Returning Any from function declared to return "dict[str, Any]"  [no-any-return]
agentflow/skills/builtin/conversation_export/conversation_export.py:282:35: error: Argument "user_name" to "ExportMessage" has incompatible type "Any | None"; expected "str"  [arg-type]
agentflow/skills/builtin/conversation_export/conversation_export.py:284:33: error: Argument "content" to "ExportMessage" has incompatible type "Any | None"; expected "str"  [arg-type]
agentflow/services/semantic_layer.py:213:25: error: "str" not callable  [operator]
agentflow/protocols/a2ui/emitter.py:109:19: error: Item "None" of "Any | None" has no attribute "emit_progress"  [union-attr]
agentflow/patterns/deep_agent/result_summarizer.py:228:9: error: Returning Any from function declared to return "dict[str, Any]"  [no-any-return]
agentflow/observability/logging.py:226:25: error: Incompatible types in assignment (expression has type "TextFormatter", variable has type "JSONFormatter")  [assignment]
agentflow/observability/logging.py:314:19: error: Incompatible types in assignment (expression has type "FileHandler", variable has type "StreamHandler[TextIO | Any]")  [assignment]
agentflow/memory/memory_distiller.py:182:17: error: Returning Any from function declared to return "str"  [no-any-return]
agentflow/memory/knowledge/memvid_store.py:38: error: Unused "type: ignore" comment  [unused-ignore]
agentflow/memory/knowledge/memvid_store.py:39: error: Unused "type: ignore" comment  [unused-ignore]
agentflow/knowledge/doc_health_checker.py:453:9: error: Need type annotation for "issues" (hint: "issues: list[<type>] = ...")  [var-annotated]
agentflow/integrations/ticket_generator.py:554:35: error: Incompatible types in assignment (expression has type "dict[str, str]", target has type "TicketStatus")  [assignment]
agentflow/deploy/serverless_generator.py:217:5: error: Value of type "object" is not indexable  [index]
agentflow/deploy/serverless_generator.py:218:5: error: Value of type "object" is not indexable  [index]
agentflow/datalake/format_handlers.py:356:9: error: Returning Any from function declared to return "list[dict[str, Any]]"  [no-any-return]
agentflow/core/registry.py:56:13: error: Statement is unreachable  [unreachable]
agentflow/memory/vector_db/qdrant_db.py:139:23: error: Argument "topic" to "MemoryEntry" has incompatible type "Any | None"; expected "str"  [arg-type]
agentflow/memory/vector_db/pinecone_db.py:121:23: error: Argument "topic" to "MemoryEntry" has incompatible type "Any | None"; expected "str"  [arg-type]
agentflow/skills/base.py:111:13: error: Statement is unreachable  [unreachable]
agentflow/skills/core/base.py:120:13: error: Statement is unreachable  [unreachable]
agentflow/deploy/config/manager.py:437:13: error: Returning Any from function declared to return "dict[str, Any] | None"  [no-any-return]
agentflow/deploy/targets/modal.py:170:26: error: List item 0 has incompatible type "None"; expected "str"  [list-item]
agentflow/security/reasoning_monitor.py:472:17: error: Returning Any from function declared to return "str"  [no-any-return]
agentflow/security/policy_engine.py:274:9: error: Statement is unreachable  [unreachable]
agentflow/security/output_contracts.py:517:27: error: Incompatible types in assignment (expression has type "Any | None", variable has type "dict[str, Any]")  [assignment]
agentflow/security/output_contracts.py:518:13: error: Statement is unreachable  [unreachable]
agentflow/security/output_contracts.py:525:17: error: Statement is unreachable  [unreachable]
agentflow/security/hallucination_detector.py:415:9: error: Need type annotation for "issues" (hint: "issues: list[<type>] = ...")  [var-annotated]
agentflow/security/data_sanitizer.py:450:13: error: "object" has no attribute "append"  [attr-defined]
agentflow/security/data_sanitizer.py:466:21: error: "object" has no attribute "append"  [attr-defined]
agentflow/providers/data_provider.py:289:36: error: Argument "url" to "SQLConfig" has incompatible type "str | None"; expected "str"  [arg-type]
agentflow/providers/data_provider.py:310:44: error: Argument "provider" to "VectorConfig" has incompatible type "str | None"; expected "str"  [arg-type]
agentflow/protocols/ucp/ucp_messages.py:67:25: error: Argument "default_factory" to "Field" has incompatible type "Callable[[], dict[str, None]]"; expected "Callable[[], dict[str, float | None]] | Callable[[dict[str, Any]], dict[str, float | None]]"  [arg-type]
agentflow/pev/result_verifier.py:117:13: error: Statement is unreachable  [unreachable]
agentflow/patterns/reflexion.py:376:22: error: Argument "severity" to "Reflection" has incompatible type "str"; expected "Severity"  [arg-type]
agentflow/core/dual_verifier.py:392:9: error: Returning Any from function declared to return "bool"  [no-any-return]
agentflow/commerce/models/intent.py:88:25: error: Argument "default_factory" to "Field" has incompatible type "Callable[[], dict[str, None]]"; expected "Callable[[], dict[str, float | None]] | Callable[[dict[str, Any]], dict[str, float | None]]"  [arg-type]
agentflow/api/response.py:122:16: error: Missing named argument "error" for "APIResponse"  [call-arg]
agentflow/api/response.py:147:16: error: Missing named argument "data" for "APIResponse"  [call-arg]
agentflow/api/response.py:147:16: error: Incompatible return value type (got "APIResponse[T]", expected "APIResponse[None]")  [return-value]
agentflow/patterns/deep_agent/da_compressor.py:245:13: error: Returning Any from function declared to return "str"  [no-any-return]
agentflow/hitl/postgres_checkpointer.py:275:13: error: Returning Any from function declared to return "bool"  [no-any-return]
agentflow/core/schemas.py:108:41: error: Argument 1 to "SchemaValidationError" has incompatible type "list[ErrorDetails]"; expected "list[dict[str, Any]]"  [arg-type]
agentflow/context/tool_selector.py:455:9: error: Returning Any from function declared to return "float"  [no-any-return]
agentflow/core/engine.py:263:21: error: Returning Any from function declared to return "dict[str, Any]"  [no-any-return]
agentflow/core/tool_discovery.py:110:30: error: "ToolProvider" has no attribute "__iter__" (not iterable)  [attr-defined]
agentflow/core/tool_binding.py:55:5: error: Function is missing a type annotation  [no-untyped-def]
agentflow/runtime/quota_manager.py:173:9: error: Statement is unreachable  [unreachable]
agentflow/pev/monitored_executor.py:224:21: error: Incompatible types in "yield" (actual type "ExecutionEvent | BaseException", expected type "ExecutionEvent")  [misc]
agentflow/patterns/task_decomposer.py:582:39: error: Incompatible types in assignment (expression has type "dict[str, Any] | BaseException", variable has type "dict[str, Any] | None")  [assignment]
agentflow/patterns/task_decomposer.py:600:13: error: Returning Any from function declared to return "dict[str, Any]"  [no-any-return]
agentflow/orchestration/monitor.py:218:5: error: Function is missing a return type annotation  [no-untyped-def]
agentflow/observability/sentry_integration.py:124:13: error: Returning Any from function declared to return "str | None"  [no-any-return]
agentflow/observability/sentry_integration.py:166:13: error: Returning Any from function declared to return "str | None"  [no-any-return]
agentflow/memory/embeddings/sentence_transformer_embeddings.py:70:13: error: Returning Any from function declared to return "list[float]"  [no-any-return]
agentflow/integrations/sse_flow_runner.py:178:40: error: "Coroutine[Any, Any, AsyncIterator[tuple[dict[str, Any] | None, AGUIEvent | None]]]" has no attribute "__aiter__" (not async iterable)  [attr-defined]
agentflow/integrations/sse_flow_runner.py:178:40: note: Maybe you forgot to use "await"?
agentflow/integrations/sse_flow_runner.py:281:25: error: Argument "flow" to "SSEFlowRunner" has incompatible type "_SimpleFlowWrapper"; expected "FlowProtocol | None"  [arg-type]
agentflow/integrations/sse_flow_runner.py:281:25: note: Following member(s) of "_SimpleFlowWrapper" have conflicts:
agentflow/integrations/sse_flow_runner.py:281:25: note:     Expected:
agentflow/integrations/sse_flow_runner.py:281:25: note:         def run_with_events(self, input_data: dict[str, Any]) -> Coroutine[Any, Any, AsyncIterator[tuple[dict[str, Any] | None, AGUIEvent | None]]]
agentflow/integrations/sse_flow_runner.py:281:25: note:     Got:
agentflow/integrations/sse_flow_runner.py:281:25: note:         def run_with_events(self, input_data: dict[str, Any]) -> AsyncIterator[tuple[dict[str, Any] | None, AGUIEvent | None]]
agentflow/evolution/validator_worker.py:84:19: error: Item "None" of "Any | None" has no attribute "xadd"  [union-attr]
agentflow/evolution/validator_worker.py:103:30: error: Item "None" of "Any | None" has no attribute "xreadgroup"  [union-attr]
agentflow/sandbox/builtin_tools.py:56:20: error: Incompatible types in assignment (expression has type "DockerProvider", variable has type "MicrosandboxProvider")  [assignment]
agentflow/sandbox/builtin_tools.py:60:20: error: Incompatible types in assignment (expression has type "E2BProvider", variable has type "MicrosandboxProvider")  [assignment]
agentflow/sandbox/builtin_tools.py:145:24: error: Value of type "Collection[str]" is not indexable  [index]
agentflow/orchestration/orchestrator.py:732:13: error: Returning Any from function declared to return "StrategyDecision"  [no-any-return]
agentflow/sandbox/workspace.py:416:13: error: Cannot determine type of "_initialized"  [has-type]
agentflow/sandbox/workspace.py:421:12: error: Cannot determine type of "_initialized"  [has-type]
agentflow/memory/episodic_memory.py:374:9: error: Returning Any from function declared to return "float"  [no-any-return]
agentflow/skills/builtin/intelligence/report_builder.py:125:17: error: Returning Any from function declared to return "str"  [no-any-return]
agentflow/skills/builtin/ecommerce/listing_generator.py:233:17: error: Returning Any from function declared to return "str"  [no-any-return]
agentflow/skills/builtin/ecommerce/listing_generator.py:291:17: error: Returning Any from function declared to return "str"  [no-any-return]
agentflow/sdk/api/router.py:135:13: error: Returning Any from function declared to return "AgentEngineProtocol"  [no-any-return]
agentflow/sdk/api/router.py:136:16: error: Redundant cast to "AgentEngineProtocol"  [redundant-cast]
agentflow/wizard/test_synthesizer.py:288:26: error: Item "LLMProvider" of "Any | LLMProvider" has no attribute "generate"  [union-attr]
Found 80 errors in 59 files (checked 603 source files)
ERROR conda.cli.main_run:execute(142): `conda run mypy agentflow --ignore-missing-imports --show-error-codes --hide-error-context --no-color-output --no-pretty` failed. (See above for error)
