ERROR conda.cli.main_run:execute(142): `conda run mypy agentflow --ignore-missing-imports --show-error-codes --hide-error-context --no-color-output --no-pretty` failed. (See above for error)
agentflow/services/semantic_layer.py:92:26: error: Name "field" is not defined  [name-defined]
agentflow/services/semantic_layer.py:93:31: error: Name "field" is not defined  [name-defined]
agentflow/services/semantic_layer.py:116:28: error: Name "field" is not defined  [name-defined]
agentflow/services/semantic_layer.py:117:26: error: Name "field" is not defined  [name-defined]
agentflow/services/semantic_layer.py:118:25: error: Name "field" is not defined  [name-defined]
agentflow/services/semantic_layer.py:137:29: error: Name "field" is not defined  [name-defined]
agentflow/services/semantic_layer.py:138:35: error: Name "field" is not defined  [name-defined]
agentflow/services/semantic_layer.py:139:31: error: Name "field" is not defined  [name-defined]
agentflow/services/semantic_layer.py:140:34: error: Name "field" is not defined  [name-defined]
agentflow/services/semantic_layer.py:143:39: error: Name "field" is not defined  [name-defined]
agentflow/services/semantic_layer.py:145:35: error: Name "field" is not defined  [name-defined]
agentflow/services/semantic_layer.py:161:32: error: Name "field" is not defined  [name-defined]
agentflow/services/semantic_layer.py:162:30: error: Name "field" is not defined  [name-defined]
agentflow/services/semantic_layer.py:163:31: error: Name "field" is not defined  [name-defined]
agentflow/services/semantic_layer.py:164:34: error: Name "field" is not defined  [name-defined]
agentflow/services/semantic_layer.py:165:34: error: Name "field" is not defined  [name-defined]
agentflow/services/semantic_layer.py:167:24: error: Name "field" is not defined  [name-defined]
agentflow/services/semantic_layer.py:276:26: error: Name "field" is not defined  [name-defined]
agentflow/services/semantic_layer.py:277:29: error: Name "field" is not defined  [name-defined]
agentflow/services/semantic_layer.py:278:32: error: Name "field" is not defined  [name-defined]
agentflow/services/semantic_layer.py:279:34: error: Name "field" is not defined  [name-defined]
agentflow/services/semantic_layer.py:284:27: error: Name "field" is not defined  [name-defined]
agentflow/services/semantic_layer.py:368:35: error: Name "field" is not defined  [name-defined]
agentflow/services/semantic_layer.py:369:36: error: Name "field" is not defined  [name-defined]
agentflow/knowledge/doc_health_checker.py:453:9: error: Need type annotation for "issues" (hint: "issues: list[<type>] = ...")  [var-annotated]
agentflow/core/registry.py:56:13: error: Statement is unreachable  [unreachable]
agentflow/security/hallucination_detector.py:415:9: error: Need type annotation for "issues" (hint: "issues: list[<type>] = ...")  [var-annotated]
agentflow/patterns/reflexion.py:380:22: error: Redundant cast to "Severity"  [redundant-cast]
agentflow/patterns/task_decomposer.py:582:39: error: Redundant cast to "dict[str, Any]"  [redundant-cast]
agentflow/sdk/api/router.py:135:13: error: Returning Any from function declared to return "AgentEngineProtocol"  [no-any-return]
agentflow/sdk/api/router.py:136:19: error: Redundant cast to "Callable[[], AgentEngineProtocol]"  [redundant-cast]
Found 31 errors in 7 files (checked 603 source files)
