agentflow/skills/versioning/diff_engine.py:319:20: error: Need type annotation
agentflow/run/lightning.py:289:22: error: Incompatible types in assignment
agentflow/run/lightning.py:291:17: error: Unsupported operand types for +
agentflow/run/lightning.py:291:17: error: Incompatible types in assignment
agentflow/run/lightning.py:300:28: error: Argument "reward" to
agentflow/storage/backend.py:231:27: error: "BaseStorageBackend" has no
agentflow/storage/backend.py:243:19: error: "BaseStorageBackend" has no
agentflow/skills/pdf_export.py:84:13: error: Returning Any from function
agentflow/skills/conversation_export.py:282:35: error: Argument "user_name" to
agentflow/skills/conversation_export.py:284:33: error: Argument "content" to
agentflow/skills/versioning/version_store.py:210:13: error: Returning Any from
agentflow/skills/builtin/bi_analytics/connector.py:73:5: error: Function is
agentflow/skills/builtin/bi_analytics/connector.py:93:28: error: Value of type
agentflow/skills/builtin/bi_analytics/connector.py:94:28: error: Value of type
agentflow/skills/builtin/bi_analytics/connector.py:95:33: error: Argument 1 to
agentflow/services/semantic_layer.py:213:25: error: "str" not callable 
agentflow/protocols/a2ui/emitter.py:109:19: error: Item "None" of "Any | None"
agentflow/patterns/deep_agent/result_summarizer.py:228:9: error: Returning Any
agentflow/observability/logging.py:226:25: error: Incompatible types in
agentflow/observability/logging.py:314:19: error: Incompatible types in
agentflow/memory/memory_distiller.py:182:17: error: Returning Any from function
agentflow/memory/knowledge/memvid_store.py:38: error: Unused "type: ignore"
agentflow/memory/knowledge/memvid_store.py:39: error: Unused "type: ignore"
agentflow/knowledge/doc_health_checker.py:453:9: error: Need type annotation
agentflow/integrations/ticket_generator.py:554:35: error: Incompatible types in
agentflow/deploy/serverless_generator.py:217:5: error: Value of type "object"
agentflow/deploy/serverless_generator.py:218:5: error: Value of type "object"
agentflow/datalake/format_handlers.py:356:9: error: Returning Any from function
agentflow/core/registry.py:56:13: error: Statement is unreachable 
agentflow/memory/vector_db/qdrant_db.py:139:23: error: Argument "topic" to
agentflow/memory/vector_db/pinecone_db.py:121:23: error: Argument "topic" to
agentflow/memory/distributed/redis_backend.py:147:9: error: Returning Any from
agentflow/memory/distributed/redis_backend.py:189:9: error: Returning Any from
agentflow/memory/distributed/redis_backend.py:199:13: error: Returning Any from
agentflow/memory/distributed/postgres_backend.py:173:13: error: Returning Any
agentflow/memory/distributed/postgres_backend.py:235:13: error: Returning Any
agentflow/memory/distributed/postgres_backend.py:248:13: error: Returning Any
agentflow/memory/knowledge/knowledge_manager.py:127:19: error: Missing type
agentflow/memory/knowledge/knowledge_manager.py:167:23: error: Missing type
agentflow/memory/knowledge/knowledge_manager.py:247:19: error: Missing type
agentflow/skills/base.py:111:13: error: Statement is unreachable  [unreachable]
agentflow/skills/core/base.py:120:13: error: Statement is unreachable 
agentflow/deploy/config/manager.py:437:13: error: Returning Any from function
agentflow/deploy/targets/modal.py:170:26: error: List item 0 has incompatible
agentflow/security/saml.py:10:27: error: Missing type parameters for generic
agentflow/security/saml.py:51:5: error: Function is missing a return type
agentflow/security/saml.py:58:9: error: Returning Any from function declared to
agentflow/security/saml.py:63:9: error: Returning Any from function declared to
agentflow/security/reasoning_monitor.py:472:17: error: Returning Any from
agentflow/security/policy_engine.py:274:9: error: Statement is unreachable 
agentflow/security/output_contracts.py:517:27: error: Incompatible types in
agentflow/security/output_contracts.py:518:13: error: Statement is unreachable 
agentflow/security/output_contracts.py:525:17: error: Statement is unreachable 
agentflow/security/oauth2_provider.py:25:15: error: Missing type parameters for
agentflow/security/hallucination_detector.py:415:9: error: Need type annotation
agentflow/security/data_sanitizer.py:450:13: error: "object" has no attribute
agentflow/security/data_sanitizer.py:466:21: error: "object" has no attribute
agentflow/providers/data_provider.py:289:36: error: Argument "url" to
agentflow/providers/data_provider.py:310:44: error: Argument "provider" to
agentflow/protocols/ucp/ucp_messages.py:67:25: error: Argument
agentflow/pev/result_verifier.py:117:13: error: Statement is unreachable 
agentflow/patterns/reflexion.py:376:22: error: Argument "severity" to
agentflow/core/dual_verifier.py:392:9: error: Returning Any from function
agentflow/commerce/models/intent.py:88:25: error: Argument "default_factory" to
agentflow/api/response.py:122:16: error: Missing named argument "error" for
agentflow/api/response.py:147:16: error: Missing named argument "data" for
agentflow/api/response.py:147:16: error: Incompatible return value type (got
agentflow/patterns/deep_agent/da_compressor.py:245:13: error: Returning Any
agentflow/hitl/postgres_checkpointer.py:275:13: error: Returning Any from
agentflow/core/schemas.py:108:41: error: Argument 1 to "SchemaValidationError"
agentflow/context/tool_selector.py:455:9: error: Returning Any from function
agentflow/core/engine.py:263:21: error: Returning Any from function declared to
agentflow/core/tool_discovery.py:110:30: error: "ToolProvider" has no attribute
agentflow/core/tool_binding.py:55:5: error: Function is missing a type
agentflow/skills/mode_switcher.py:92:46: error: Missing type parameters for
agentflow/runtime/quota_manager.py:173:9: error: Statement is unreachable 
agentflow/pev/monitored_executor.py:224:21: error: Incompatible types in
agentflow/patterns/task_decomposer.py:582:39: error: Incompatible types in
agentflow/patterns/task_decomposer.py:600:13: error: Returning Any from
agentflow/orchestration/monitor.py:218:5: error: Function is missing a return
agentflow/observability/sentry_integration.py:124:13: error: Returning Any from
agentflow/observability/sentry_integration.py:166:13: error: Returning Any from
agentflow/integrations/sse_flow_runner.py:281:25: error: Argument "flow" to
agentflow/evolution/validator_worker.py:84:19: error: Item "None" of
agentflow/evolution/validator_worker.py:103:30: error: Item "None" of
agentflow/skills/gateway.py:151:57: error: Missing type parameters for generic
agentflow/skills/gateway.py:192:38: error: Missing type parameters for generic
agentflow/sandbox/builtin_tools.py:56:20: error: Incompatible types in
agentflow/sandbox/builtin_tools.py:60:20: error: Incompatible types in
agentflow/sandbox/builtin_tools.py:145:24: error: Value of type
agentflow/flow/rollback_flow.py:80:47: error: "type[NodeType]" has no attribute
agentflow/flow/rollback_flow.py:189:47: error: "type[NodeType]" has no
agentflow/flow/parallel_flow.py:103:49: error: Argument 2 to
agentflow/flow/parallel_flow.py:179:28: error: Need type annotation for
agentflow/flow/parallel_flow.py:234:29: error: Argument 1 to "add_task" of
agentflow/flow/graph.py:106:5: error: Function is missing a type annotation 
agentflow/flow/conditional_flow.py:67:47: error: "type[NodeType]" has no
agentflow/flow/conditional_flow.py:140:47: error: "type[NodeType]" has no
agentflow/discovery/health.py:40:21: error: Missing type parameters for generic
agentflow/cli/commands/template.py:213:29: error: Incompatible types in
agentflow/sandbox/workspace.py:416:13: error: Cannot determine type of
agentflow/sandbox/workspace.py:421:12: error: Cannot determine type of
agentflow/sandbox/manager.py:163:10: error: Function
agentflow/decorators.py:72:34: error: "type[T]" has no attribute "__file__" 
agentflow/decorators.py:80:21: error: Type cannot be declared in assignment to
agentflow/decorators.py:84: error: Unused "type: ignore" comment 
agentflow/decorators.py:87: error: Unused "type: ignore" comment 
agentflow/flow/executor.py:158:33: error: Incompatible types in assignment
agentflow/flow/executor.py:186:37: error: Incompatible types in assignment
agentflow/flow/executor.py:199:37: error: Incompatible types in assignment
agentflow/memory/episodic_memory.py:374:9: error: Returning Any from function
agentflow/datalake/core.py:76:28: error: Missing type parameters for generic
agentflow/datalake/core.py:76:35: error: Missing type parameters for generic
agentflow/skills/builtin/ecommerce/daily_report.py:382:54: error: Missing type
agentflow/skills/builtin/ecommerce/daily_report.py:414:17: error: Returning Any
agentflow/core/blueprint.py:151:31: error: Argument 1 to "append" of "list" has
agentflow/core/blueprint.py:154:16: error: Incompatible return value type (got
agentflow/core/blueprint.py:167:31: error: Argument 1 to "append" of "list" has
agentflow/core/blueprint.py:170:16: error: Incompatible return value type (got
agentflow/evolution/storage/models.py:61:26: error: Missing type parameters for
agentflow/evolution/storage/models.py:137:26: error: Missing type parameters
agentflow/evolution/storage/models.py:188:25: error: Missing type parameters
agentflow/core/manager.py:106:49: error: Argument 1 to "validate_agent" of
agentflow/core/manager.py:201:20: error: Item "None" of "AgentMetadata | None"
agentflow/core/manager.py:244:24: error: Item "None" of "AgentMetadata | None"
agentflow/skills/voice.py:156:13: error: Returning Any from function declared
agentflow/skills/voice.py:245:13: error: Returning Any from function declared
agentflow/skills/builtin/voice/voice.py:156:13: error: Returning Any from
agentflow/skills/builtin/voice/voice.py:245:13: error: Returning Any from
agentflow/security/providers/google.py:11:5: error: Function is missing a
agentflow/security/providers/google.py:22:27: error: Call to untyped function
agentflow/security/providers/google.py:36:27: error: Call to untyped function
agentflow/security/providers/google.py:53:27: error: Call to untyped function
agentflow/security/providers/azure_ad.py:13:5: error: Function is missing a
agentflow/security/providers/azure_ad.py:21:27: error: Call to untyped function
agentflow/security/providers/azure_ad.py:34:27: error: Call to untyped function
agentflow/security/providers/azure_ad.py:52:27: error: Call to untyped function
agentflow/protocols/ucp/ucp_client.py:183:17: error: Returning Any from
agentflow/protocols/ucp/ucp_client.py:237:13: error: Returning Any from
agentflow/hitl/notification.py:304:40: error: Incompatible types in assignment
agentflow/evolution/service_client.py:47:9: error: Returning Any from function
agentflow/evolution/service_client.py:82:9: error: Returning Any from function
agentflow/evolution/service_client.py:90:9: error: Returning Any from function
agentflow/observability/setup.py:200:17: error: Returning Any from function
agentflow/integrations/websocket_integration.py:230:31: error: Missing type
agentflow/hitl/api.py:115:44: error: Argument "tags" to "APIRouter" has
agentflow/protocols/ucp/ucp_adapter.py:198:28: error: Unexpected keyword
agentflow/sdk/api/router.py:130:44: error: Argument "tags" to "APIRouter" has
agentflow/sdk/api/router.py:137:13: error: Returning Any from function declared
agentflow/sdk/api/router.py:196:9: error: Function is missing a return type
agentflow/sdk/api/router.py:212:40: error: Argument 1 to "create_sse_response"
agentflow/hitl/__init__.py:77:1: error: Function is missing a type annotation
agentflow/observability/otel_exporter.py:91:41: error: Dict entry 0 has
agentflow/observability/otel_exporter.py:134:40: error: Argument 1 to "post" of
agentflow/memory/embeddings/openai_embeddings.py:80:13: error: Returning Any
agentflow/memory/embeddings/openai_embeddings.py:116:16: error: Incompatible
agentflow/cli/commands/marketplace.py:147:24: error: Unexpected keyword
agentflow/engines/base.py:137:27: error: Redundant cast to "RunStore" 
agentflow/engines/base.py:139:13: error: Statement is unreachable 
agentflow/engines/simple_engine.py:153:13: error: Returning Any from function
agentflow/engines/gate_engine.py:121:13: error: Returning Any from function
agentflow/protocols/mcp_client.py:241:35: error: Incompatible types in
agentflow/config/settings.py:50:19: error: Incompatible types in assignment
agentflow/config/settings.py:316:9: error: Statement is unreachable 
agentflow/providers/db_provider.py:206:9: error: Returning Any from function
agentflow/providers/db_provider.py:218:9: error: Returning Any from function
agentflow/providers/db_provider.py:296:16: error: Incompatible types in
agentflow/api/router_factory.py:111:20: error: Redundant cast to
agentflow/api/router_factory.py:114:20: error: Redundant cast to
agentflow/providers/llm_provider.py:160:26: error: Item "None" of
agentflow/providers/llm_provider.py:173:26: error: Item "None" of
agentflow/providers/llm_provider.py:193:28: error: Item "None" of
agentflow/providers/unified_tool.py:503:9: error: Returning Any from function
agentflow/wizard/test_synthesizer.py:288:26: error: Item "LLMProvider" of
agentflow/skills/document.py:517:9: error: Returning Any from function declared
agentflow/services/sql_postprocessor.py:178:25: error: Incompatible types in
agentflow/services/sql_postprocessor.py:220:21: error: Statement is unreachable
agentflow/services/sql_postprocessor.py:368:9: error: Statement is unreachable 
agentflow/services/sql_postprocessor.py:446:21: error: Statement is unreachable
agentflow/services/schema_linker.py:137:25: error: Incompatible types in
agentflow/services/schema_linker.py:162:13: error: Statement is unreachable 
agentflow/services/schema_linker.py:259:9: error: Statement is unreachable 
agentflow/core/resilient_agent.py:177:39: error: Unexpected keyword argument
agentflow/core/resilient_agent.py:273:13: error: Returning Any from function
agentflow/orchestration/orchestrator.py:732:13: error: Returning Any from
