========================================
型チェック中...
========================================

[Python] MyPy 型チェック中... (targets: agentflow)
agentflow/skills/versioning/diff_engine.py:319:20: error: Need type annotation
for "analysis"  [var-annotated]
            analysis = {
                       ^
agentflow/run/lightning.py:289:22: error: Incompatible types in assignment
(expression has type "float", variable has type "RewardSignal")  [assignment]
                reward = reward_by_node.get(node_key, 0.0)
                         ^~~~~~~~~~~~~~~~~~~~~~~~~~~~~~~~~
agentflow/run/lightning.py:291:17: error: Unsupported operand types for +
("RewardSignal" and "float")  [operator]
                    reward += terminal_reward
                    ^
agentflow/run/lightning.py:291:17: error: Incompatible types in assignment
(expression has type "float", variable has type "RewardSignal")  [assignment]
                    reward += terminal_reward
                    ^~~~~~~~~~~~~~~~~~~~~~~~~
agentflow/run/lightning.py:300:28: error: Argument "reward" to
"TransitionSample" has incompatible type "RewardSignal"; expected "float" 
[arg-type]
                        reward=reward,
                               ^~~~~~
agentflow/storage/backend.py:231:27: error: "BaseStorageBackend" has no
attribute "get"; maybe "mget"?  [attr-defined]
                value = await self.get(key)
                              ^~~~~~~~
agentflow/storage/backend.py:243:19: error: "BaseStorageBackend" has no
attribute "set"; maybe "mset"?  [attr-defined]
                await self.set(key, value, ttl)
                      ^~~~~~~~
agentflow/skills/pdf_export.py:84:13: error: Returning Any from function
declared to return "dict[str, Any]"  [no-any-return]
                return obj.model_dump()
                ^~~~~~~~~~~~~~~~~~~~~~~
agentflow/skills/conversation_export.py:282:35: error: Argument "user_name" to
"ExportMessage" has incompatible type "Any | None"; expected "str"  [arg-type]
                            user_name=msg.get("user_name", msg.get("user_i...
                                      ^~~~~~~~~~~~~~~~~~~~~~~~~~~~~~~~~~~~...
agentflow/skills/conversation_export.py:284:33: error: Argument "content" to
"ExportMessage" has incompatible type "Any | None"; expected "str"  [arg-type]
                            content=msg.get("content", msg.get("text", "")...
                                    ^~~~~~~~~~~~~~~~~~~~~~~~~~~~~~~~~~~~~~~
agentflow/skills/versioning/version_store.py:210:13: error: Returning Any from
function declared to return "dict[str, Any]"  [no-any-return]
                return json.load(f)
                ^~~~~~~~~~~~~~~~~~~
agentflow/skills/builtin/conversation_export/conversation_export.py:282:35: error:
Argument "user_name" to "ExportMessage" has incompatible type "Any | None";
expected "str"  [arg-type]
                            user_name=msg.get("user_name", msg.get("user_i...
                                      ^~~~~~~~~~~~~~~~~~~~~~~~~~~~~~~~~~~~...
agentflow/skills/builtin/conversation_export/conversation_export.py:284:33: error:
Argument "content" to "ExportMessage" has incompatible type "Any | None";
expected "str"  [arg-type]
                            content=msg.get("content", msg.get("text", "")...
                                    ^~~~~~~~~~~~~~~~~~~~~~~~~~~~~~~~~~~~~~~
agentflow/skills/builtin/bi_analytics/connector.py:73:5: error: Function is
missing a type annotation  [no-untyped-def]
        def __iter__(self):
        ^~~~~~~~~~~~~~~~~~~
agentflow/skills/builtin/bi_analytics/connector.py:93:28: error: Value of type
variable "SupportsRichComparisonT" of "min" cannot be "Any | None"  [type-var]
                        "min": min(values),
                               ^~~~~~~~~~~
agentflow/skills/builtin/bi_analytics/connector.py:94:28: error: Value of type
variable "SupportsRichComparisonT" of "max" cannot be "Any | None"  [type-var]
                        "max": max(values),
                               ^~~~~~~~~~~
agentflow/skills/builtin/bi_analytics/connector.py:95:33: error: Argument 1 to
"sum" has incompatible type "list[Any | None]"; expected "Iterable[bool]" 
[arg-type]
                        "mean": sum(values) / len(values),
                                    ^~~~~~
agentflow/services/semantic_layer.py:213:25: error: "str" not callable 
[operator]
        values: list[Any] = field(default_factory=list)
                            ^~~~~~~~~~~~~~~~~~~~~~~~~~~
agentflow/protocols/a2ui/emitter.py:109:19: error: Item "None" of "Any | None"
has no attribute "emit_progress"  [union-attr]
                await self._agui_emitter.emit_progress(
                      ^~~~~~~~~~~~~~~~~~~~~~~~~~~~~~~~
agentflow/patterns/deep_agent/result_summarizer.py:228:9: error: Returning Any
from function declared to return "dict[str, Any]"  [no-any-return]
            return self._truncate_result(filtered)
            ^~~~~~~~~~~~~~~~~~~~~~~~~~~~~~~~~~~~~~
agentflow/observability/logging.py:226:25: error: Incompatible types in
assignment (expression has type "TextFormatter", variable has type
"JSONFormatter")  [assignment]
                formatter = TextFormatter(include_timestamp=self._config.i...
                            ^~~~~~~~~~~~~~~~~~~~~~~~~~~~~~~~~~~~~~~~~~~~~~...
agentflow/observability/logging.py:314:19: error: Incompatible types in
assignment (expression has type "FileHandler", variable has type
"StreamHandler[TextIO | Any]")  [assignment]
            handler = logging.FileHandler(output, encoding="utf-8")
                      ^~~~~~~~~~~~~~~~~~~~~~~~~~~~~~~~~~~~~~~~~~~~~
agentflow/memory/memory_distiller.py:182:17: error: Returning Any from function
declared to return "str"  [no-any-return]
                    return response.strip()
                    ^~~~~~~~~~~~~~~~~~~~~~~
agentflow/memory/knowledge/memvid_store.py:38: error: Unused "type: ignore"
comment  [unused-ignore]
        from memvid_sdk import create as memvid_create  # type: ignore[imp...
        ^~~~~~~~~~~~~~~~~~~~~~~~~~~~~~~~~~~~~~~~~~~~~~~~~~~~~~~~~~~~~~~~~~...
agentflow/memory/knowledge/memvid_store.py:39: error: Unused "type: ignore"
comment  [unused-ignore]
        from memvid_sdk import use as memvid_use  # type: ignore[import-no...
        ^~~~~~~~~~~~~~~~~~~~~~~~~~~~~~~~~~~~~~~~~~~~~~~~~~~~~~~~~~~~~~~~~~...
agentflow/knowledge/doc_health_checker.py:453:9: error: Need type annotation
for "issues" (hint: "issues: list[<type>] = ...")  [var-annotated]
            issues = []
            ^~~~~~
agentflow/integrations/ticket_generator.py:554:35: error: Incompatible types in
assignment (expression has type "dict[str, str]", target has type
"TicketStatus")  [assignment]
                updates["metadata"] = {"last_comment": comment}
                                      ^~~~~~~~~~~~~~~~~~~~~~~~~
agentflow/deploy/serverless_generator.py:217:5: error: Value of type "object"
is not indexable  [index]
        vercel_config["functions"]["main.py"]["memory"] = config.memory_si...
        ^~~~~~~~~~~~~~~~~~~~~~~~~~~~~~~~~~~~~
agentflow/deploy/serverless_generator.py:218:5: error: Value of type "object"
is not indexable  [index]
        vercel_config["functions"]["main.py"]["maxDuration"] = config.time...
        ^~~~~~~~~~~~~~~~~~~~~~~~~~~~~~~~~~~~~
agentflow/datalake/format_handlers.py:356:9: error: Returning Any from function
declared to return "list[dict[str, Any]]"  [no-any-return]
            return table.to_pylist()
            ^~~~~~~~~~~~~~~~~~~~~~~~
agentflow/core/registry.py:56:13: error: Statement is unreachable 
[unreachable]
                msg = f"Name must be a string, got {type(name).__name__}"
                ^~~~~~~~~~~~~~~~~~~~~~~~~~~~~~~~~~~~~~~~~~~~~~~~~~~~~~~~~
agentflow/memory/vector_db/qdrant_db.py:139:23: error: Argument "topic" to
"MemoryEntry" has incompatible type "Any | None"; expected "str"  [arg-type]
                    topic=payload["topic"] if payload["topic"] else None,
                          ^~~~~~~~~~~~~~~~~~~~~~~~~~~~~~~~~~~~~~~~~~~~~~
agentflow/memory/vector_db/pinecone_db.py:121:23: error: Argument "topic" to
"MemoryEntry" has incompatible type "Any | None"; expected "str"  [arg-type]
                    topic=metadata["topic"] if metadata["topic"] else None...
                          ^~~~~~~~~~~~~~~~~~~~~~~~~~~~~~~~~~~~~~~~~~~~~~~~
agentflow/memory/distributed/redis_backend.py:147:9: error: Returning Any from
function declared to return "bool"  [no-any-return]
            return result > 0
            ^~~~~~~~~~~~~~~~~
agentflow/memory/distributed/redis_backend.py:189:9: error: Returning Any from
function declared to return "bool"  [no-any-return]
            return await self._client.exists(key) > 0
            ^~~~~~~~~~~~~~~~~~~~~~~~~~~~~~~~~~~~~~~~~
agentflow/memory/distributed/redis_backend.py:199:13: error: Returning Any from
function declared to return "int"  [no-any-return]
                return await self._client.scard(topic_key)
                ^~~~~~~~~~~~~~~~~~~~~~~~~~~~~~~~~~~~~~~~~~
agentflow/memory/distributed/postgres_backend.py:173:13: error: Returning Any
from function declared to return "bool"  [no-any-return]
                return result.split()[-1] != "0"
                ^~~~~~~~~~~~~~~~~~~~~~~~~~~~~~~~
agentflow/memory/distributed/postgres_backend.py:235:13: error: Returning Any
from function declared to return "bool"  [no-any-return]
                return result > 0
                ^~~~~~~~~~~~~~~~~
agentflow/memory/distributed/postgres_backend.py:248:13: error: Returning Any
from function declared to return "int"  [no-any-return]
                return result
                ^~~~~~~~~~~~~
agentflow/memory/knowledge/knowledge_manager.py:127:19: error: Missing type
parameters for generic type "dict"  [type-arg]
            metadata: dict | None = None,
                      ^
agentflow/memory/knowledge/knowledge_manager.py:167:23: error: Missing type
parameters for generic type "dict"  [type-arg]
            entries: list[dict],
                          ^
agentflow/memory/knowledge/knowledge_manager.py:247:19: error: Missing type
parameters for generic type "dict"  [type-arg]
            metadata: dict | None = None,
                      ^
agentflow/skills/base.py:111:13: error: Statement is unreachable  [unreachable]
                msg = f"data must be a dict, got {type(data).__name__}"
                ^~~~~~~~~~~~~~~~~~~~~~~~~~~~~~~~~~~~~~~~~~~~~~~~~~~~~~~
agentflow/skills/core/base.py:120:13: error: Statement is unreachable 
[unreachable]
                msg = f"data must be a dict, got {type(data).__name__}"
                ^~~~~~~~~~~~~~~~~~~~~~~~~~~~~~~~~~~~~~~~~~~~~~~~~~~~~~~
agentflow/deploy/config/manager.py:437:13: error: Returning Any from function
declared to return "dict[str, Any] | None"  [no-any-return]
                return data.get("config", {})
                ^~~~~~~~~~~~~~~~~~~~~~~~~~~~~
agentflow/deploy/targets/modal.py:170:26: error: List item 0 has incompatible
type "None"; expected "str"  [list-item]
                    options=[None, "T4", "A10G", "A100"],
                             ^~~~
agentflow/security/saml.py:10:27: error: Missing type parameters for generic
type "list"  [type-arg]
        attributes: dict[str, list]
                              ^
agentflow/security/saml.py:51:5: error: Function is missing a return type
annotation  [no-untyped-def]
        def get_auth(self, saml_prepare: dict[str, Any]):
        ^~~~~~~~~~~~~~~~~~~~~~~~~~~~~~~~~~~~~~~~~~~~~~~~~
agentflow/security/saml.py:58:9: error: Returning Any from function declared to
return "str"  [no-any-return]
            return auth.login(return_to=return_to)
            ^~~~~~~~~~~~~~~~~~~~~~~~~~~~~~~~~~~~~~
agentflow/security/saml.py:63:9: error: Returning Any from function declared to
return "str"  [no-any-return]
            return auth.logout(return_to=return_to)
            ^~~~~~~~~~~~~~~~~~~~~~~~~~~~~~~~~~~~~~~
agentflow/security/reasoning_monitor.py:472:17: error: Returning Any from
function declared to return "str"  [no-any-return]
                    return response.get("content", str(response))
                    ^~~~~~~~~~~~~~~~~~~~~~~~~~~~~~~~~~~~~~~~~~~~~
agentflow/security/policy_engine.py:274:9: error: Statement is unreachable 
[unreachable]
            return AuthResult(
            ^~~~~~~~~~~~~~~~~~
agentflow/security/output_contracts.py:517:27: error: Incompatible types in
assignment (expression has type "Any | None", variable has type
"dict[str, Any]")  [assignment]
                    current = current.get(key)
                              ^~~~~~~~~~~~~~~~
agentflow/security/output_contracts.py:518:13: error: Statement is unreachable 
[unreachable]
                elif isinstance(current, list) and key.isdigit():
                ^~~~~~~~~~~~~~~~~~~~~~~~~~~~~~~~~~~~~~~~~~~~~~~~~
agentflow/security/output_contracts.py:525:17: error: Statement is unreachable 
[unreachable]
                    return None
                    ^~~~~~~~~~~
agentflow/security/oauth2_provider.py:25:15: error: Missing type parameters for
generic type "dict"  [type-arg]
        raw_info: dict | None = None
                  ^
agentflow/security/hallucination_detector.py:415:9: error: Need type annotation
for "issues" (hint: "issues: list[<type>] = ...")  [var-annotated]
            issues = []
            ^~~~~~
agentflow/security/data_sanitizer.py:450:13: error: "object" has no attribute
"append"  [attr-defined]
                result["threats"].append(
                ^~~~~~~~~~~~~~~~~~~~~~~~
agentflow/security/data_sanitizer.py:466:21: error: "object" has no attribute
"append"  [attr-defined]
                        result["threats"].append(
                        ^~~~~~~~~~~~~~~~~~~~~~~~
agentflow/providers/data_provider.py:289:36: error: Argument "url" to
"SQLConfig" has incompatible type "str | None"; expected "str"  [arg-type]
                config = SQLConfig(url=db_url)
                                       ^~~~~~
agentflow/providers/data_provider.py:310:44: error: Argument "provider" to
"VectorConfig" has incompatible type "str | None"; expected "str"  [arg-type]
                config = VectorConfig(provider=vec_provider, collection=co...
                                               ^~~~~~~~~~~~
agentflow/protocols/ucp/ucp_messages.py:67:25: error: Argument
"default_factory" to "Field" has incompatible type
"Callable[[], dict[str, None]]"; expected
"Callable[[], dict[str, float | None]] | Callable[[dict[str, Any]], dict[str, float | None]]"
 [arg-type]
            default_factory=lambda: {"min": None, "max": None}, descriptio...
                            ^
agentflow/pev/result_verifier.py:117:13: error: Statement is unreachable 
[unreachable]
                verification = self._verify_threshold(result, expected)
                ^~~~~~~~~~~~~~~~~~~~~~~~~~~~~~~~~~~~~~~~~~~~~~~~~~~~~~~
agentflow/patterns/reflexion.py:376:22: error: Argument "severity" to
"Reflection" has incompatible type "str"; expected "Severity"  [arg-type]
                severity=template.get("severity", Severity.MEDIUM),
                         ^~~~~~~~~~~~~~~~~~~~~~~~~~~~~~~~~~~~~~~~~
agentflow/core/dual_verifier.py:392:9: error: Returning Any from function
declared to return "bool"  [no-any-return]
            return val1 == val2
            ^~~~~~~~~~~~~~~~~~~
agentflow/commerce/models/intent.py:88:25: error: Argument "default_factory" to
"Field" has incompatible type "Callable[[], dict[str, None]]"; expected
"Callable[[], dict[str, float | None]] | Callable[[dict[str, Any]], dict[str, float | None]]"
 [arg-type]
            default_factory=lambda: {"min": None, "max": None},
                            ^
agentflow/api/response.py:122:16: error: Missing named argument "error" for
"APIResponse"  [call-arg]
            return cls(
                   ^~~~
agentflow/api/response.py:147:16: error: Missing named argument "data" for
"APIResponse"  [call-arg]
            return cls(
                   ^~~~
agentflow/api/response.py:147:16: error: Incompatible return value type (got
"APIResponse[T]", expected "APIResponse[None]")  [return-value]
            return cls(
                   ^~~~
agentflow/patterns/deep_agent/da_compressor.py:245:13: error: Returning Any
from function declared to return "str"  [no-any-return]
                return response.strip()
                ^~~~~~~~~~~~~~~~~~~~~~~
agentflow/hitl/postgres_checkpointer.py:275:13: error: Returning Any from
function declared to return "bool"  [no-any-return]
                return result.split()[-1] != "0"
                ^~~~~~~~~~~~~~~~~~~~~~~~~~~~~~~~
agentflow/core/schemas.py:108:41: error: Argument 1 to "SchemaValidationError"
has incompatible type "list[ErrorDetails]"; expected "list[dict[str, Any]]" 
[arg-type]
                raise SchemaValidationError(e.errors()) from e
                                            ^~~~~~~~~~
agentflow/context/tool_selector.py:455:9: error: Returning Any from function
declared to return "float"  [no-any-return]
            return max(0.0, similarity)
            ^~~~~~~~~~~~~~~~~~~~~~~~~~~
agentflow/skills/builtin/design_skills/services/agent_registry.py:141:21: error:
Item "None" of "FlowDefinition | None" has no attribute "get_agent" 
[union-attr]
            agent_def = self._flow_definition.get_agent(agent_id)
                        ^~~~~~~~~~~~~~~~~~~~~~~~~~~~~~~
agentflow/skills/builtin/design_skills/services/agent_registry.py:157:26: error:
Item "None" of "FlowDefinition | None" has no attribute "agents"  [union-attr]
            for agent_def in self._flow_definition.agents:
                             ^~~~~~~~~~~~~~~~~~~~~~~~~~~~
agentflow/skills/builtin/design_skills/services/agent_registry.py:169:47: error:
Item "None" of "FlowDefinition | None" has no attribute "agents"  [union-attr]
            return [self.get_agent(a.id) for a in self._flow_definition.ag...
                                                  ^~~~~~~~~~~~~~~~~~~~~~~~...
agentflow/skills/builtin/design_skills/services/agent_registry.py:174:16: error:
Item "None" of "FlowDefinition | None" has no attribute "get_agent_ids" 
[union-attr]
            return self._flow_definition.get_agent_ids()
                   ^~~~~~~~~~~~~~~~~~~~~~~~~~~~~~~~~~~
agentflow/skills/builtin/design_skills/services/agent_registry.py:186:30: error:
Item "None" of "FlowDefinition | None" has no attribute "agents"  [union-attr]
                for agent_def in self._flow_definition.agents
                                 ^~~~~~~~~~~~~~~~~~~~~~~~~~~~
agentflow/skills/builtin/design_skills/services/agent_registry.py:193:20: error:
Item "None" of "FlowDefinition | None" has no attribute "agents"  [union-attr]
            return len(self._flow_definition.agents)
                       ^~~~~~~~~~~~~~~~~~~~~~~~~~~~
agentflow/skills/builtin/design_skills/services/agent_registry.py:199:16: error:
Item "None" of "FlowDefinition | None" has no attribute "flow_id"  [union-attr]
            return self._flow_definition.flow_id
                   ^~~~~~~~~~~~~~~~~~~~~~~~~~~~~
agentflow/core/engine.py:263:21: error: Returning Any from function declared to
return "dict[str, Any]"  [no-any-return]
                        return result
                        ^~~~~~~~~~~~~
agentflow/core/tool_discovery.py:110:30: error: "ToolProvider" has no attribute
"__iter__" (not iterable)  [attr-defined]
                for tool_info in tools:
                                 ^~~~~
agentflow/core/tool_binding.py:55:5: error: Function is missing a type
annotation  [no-untyped-def]
        def __iter__(self):
        ^~~~~~~~~~~~~~~~~~~
agentflow/skills/mode_switcher.py:92:46: error: Missing type parameters for
generic type "dict"  [type-arg]
            confirmation_handler: Callable[[str, dict], Awaitable[bool]] |...
                                                 ^
agentflow/runtime/quota_manager.py:173:9: error: Statement is unreachable 
[unreachable]
            return now + 60
            ^~~~~~~~~~~~~~~
agentflow/pev/monitored_executor.py:224:21: error: Incompatible types in
"yield" (actual type "ExecutionEvent | BaseException", expected type
"ExecutionEvent")  [misc]
                        yield event
                        ^~~~~~~~~~~
agentflow/patterns/task_decomposer.py:582:39: error: Incompatible types in
assignment (expression has type "dict[str, Any] | BaseException", variable has
type "dict[str, Any] | None")  [assignment]
                            task.result = result
                                          ^~~~~~
agentflow/patterns/task_decomposer.py:600:13: error: Returning Any from
function declared to return "dict[str, Any]"  [no-any-return]
                return await self._executor(task)
                ^~~~~~~~~~~~~~~~~~~~~~~~~~~~~~~~~
agentflow/orchestration/monitor.py:218:5: error: Function is missing a return
type annotation  [no-untyped-def]
        async def watch(
        ^~~~~~~~~~~~~~~~
agentflow/observability/sentry_integration.py:124:13: error: Returning Any from
function declared to return "str | None"  [no-any-return]
                return sentry_sdk.capture_exception(error)
                ^~~~~~~~~~~~~~~~~~~~~~~~~~~~~~~~~~~~~~~~~~
agentflow/observability/sentry_integration.py:166:13: error: Returning Any from
function declared to return "str | None"  [no-any-return]
                return sentry_sdk.capture_message(message, level=level)
                ^~~~~~~~~~~~~~~~~~~~~~~~~~~~~~~~~~~~~~~~~~~~~~~~~~~~~~~
agentflow/memory/embeddings/sentence_transformer_embeddings.py:70:13: error:
Returning Any from function declared to return "list[float]"  [no-any-return]
                return embedding_list
                ^~~~~~~~~~~~~~~~~~~~~
agentflow/integrations/sse_flow_runner.py:178:40: error:
"Coroutine[Any, Any, AsyncIterator[tuple[dict[str, Any] | None, AGUIEvent | None]]]"
has no attribute "__aiter__" (not async iterable)  [attr-defined]
                async for result, event in self._flow.run_with_events(inpu...
                                           ^~~~~~~~~~~~~~~~~~~~~~~~~~~~~~~...
agentflow/integrations/sse_flow_runner.py:178:40: note: Maybe you forgot to use "await"?
agentflow/integrations/sse_flow_runner.py:281:25: error: Argument "flow" to
"SSEFlowRunner" has incompatible type "_SimpleFlowWrapper"; expected
"FlowProtocol | None"  [arg-type]
            return cls(flow=wrapper, flow_id=flow_id)
                            ^~~~~~~
agentflow/integrations/sse_flow_runner.py:281:25: note: Following member(s) of "_SimpleFlowWrapper" have conflicts:
agentflow/integrations/sse_flow_runner.py:281:25: note:     Expected:
agentflow/integrations/sse_flow_runner.py:281:25: note:         def run_with_events(self, input_data: dict[str, Any]) -> Coroutine[Any, Any, AsyncIterator[tuple[dict[str, Any] | None, AGUIEvent | None]]]
agentflow/integrations/sse_flow_runner.py:281:25: note:     Got:
agentflow/integrations/sse_flow_runner.py:281:25: note:         def run_with_events(self, input_data: dict[str, Any]) -> AsyncIterator[tuple[dict[str, Any] | None, AGUIEvent | None]]
agentflow/evolution/validator_worker.py:84:19: error: Item "None" of
"Any | None" has no attribute "xadd"  [union-attr]
                await self._redis.xadd(VALIDATE_STREAM_KEY, {"payload": js...
                      ^~~~~~~~~~~~~~~~
agentflow/evolution/validator_worker.py:103:30: error: Item "None" of
"Any | None" has no attribute "xreadgroup"  [union-attr]
                response = await self._redis.xreadgroup(
                                 ^~~~~~~~~~~~~~~~~~~~~~
agentflow/skills/gateway.py:151:57: error: Missing type parameters for generic
type "dict"  [type-arg]
    ... self._confirmation_handler: Callable[[str, str, dict], Awaitable[bool...
                                                        ^
agentflow/skills/gateway.py:192:38: error: Missing type parameters for generic
type "dict"  [type-arg]
            handler: Callable[[str, str, dict], Awaitable[bool]],
                                         ^
agentflow/sandbox/builtin_tools.py:56:20: error: Incompatible types in
assignment (expression has type "DockerProvider", variable has type
"MicrosandboxProvider")  [assignment]
            instance = DockerProvider(config)
                       ^~~~~~~~~~~~~~~~~~~~~~
agentflow/sandbox/builtin_tools.py:60:20: error: Incompatible types in
assignment (expression has type "E2BProvider", variable has type
"MicrosandboxProvider")  [assignment]
            instance = E2BProvider(config)
                       ^~~~~~~~~~~~~~~~~~~
agentflow/sandbox/builtin_tools.py:145:24: error: Value of type
"Collection[str]" is not indexable  [index]
            "description": EXECUTE_CODE_TOOL_DEFINITION["function"]["descr...
                           ^~~~~~~~~~~~~~~~~~~~~~~~~~~~~~~~~~~~~~~~~~~~~~~...
agentflow/orchestration/orchestrator.py:732:13: error: Returning Any from
function declared to return "StrategyDecision"  [no-any-return]
                return await self._strategy_router.route(task=task, plan=p...
                ^~~~~~~~~~~~~~~~~~~~~~~~~~~~~~~~~~~~~~~~~~~~~~~~~~~~~~~~~~...
agentflow/flow/rollback_flow.py:80:47: error: "type[NodeType]" has no attribute
"ROLLBACK"  [attr-defined]
            object.__setattr__(self, "node_type", NodeType.ROLLBACK)
                                                  ^~~~~~~~~~~~~~~~~
agentflow/flow/rollback_flow.py:189:47: error: "type[NodeType]" has no
attribute "ROLLBACK"  [attr-defined]
            object.__setattr__(self, "node_type", NodeType.ROLLBACK)
                                                  ^~~~~~~~~~~~~~~~~
agentflow/flow/parallel_flow.py:103:49: error: Argument 2 to
"_aggregate_results" of "EnhancedParallelNode" has incompatible type
"list[tuple[str, dict[str, Any] | Exception] | BaseException]"; expected
"list[tuple[str, dict[str, Any] | Exception] | Exception]"  [arg-type]
                return self._aggregate_results(ctx, results)
                                                    ^~~~~~~
agentflow/flow/parallel_flow.py:179:28: error: Need type annotation for
"first_result"  [var-annotated]
                first_result = next(iter(success_results.values()), {})
                               ^~~~~~~~~~~~~~~~~~~~~~~~~~~~~~~~~~~~~~~~
agentflow/flow/parallel_flow.py:234:29: error: Argument 1 to "add_task" of
"EnhancedParallelNode" has incompatible type "str | Any | None"; expected "str" 
[arg-type]
            self._node.add_task(tid, agent, timeout, input_mapper)
                                ^~~
agentflow/flow/graph.py:106:5: error: Function is missing a type annotation 
[no-untyped-def]
        def __iter__(self):
        ^~~~~~~~~~~~~~~~~~~
agentflow/flow/conditional_flow.py:67:47: error: "type[NodeType]" has no
attribute "CONDITIONAL"  [attr-defined]
            object.__setattr__(self, "node_type", NodeType.CONDITIONAL)
                                                  ^~~~~~~~~~~~~~~~~~~~
agentflow/flow/conditional_flow.py:140:47: error: "type[NodeType]" has no
attribute "SWITCH"  [attr-defined]
            object.__setattr__(self, "node_type", NodeType.SWITCH)
                                                  ^~~~~~~~~~~~~~~
agentflow/discovery/health.py:40:21: error: Missing type parameters for generic
type "Task"  [type-arg]
            self._task: asyncio.Task | None = None
                        ^
agentflow/cli/commands/template.py:213:29: error: Incompatible types in
assignment (expression has type "bool", variable has type "str")  [assignment]
                        value = click.confirm(
                                ^~~~~~~~~~~~~~
agentflow/sandbox/workspace.py:416:13: error: Cannot determine type of
"_initialized"  [has-type]
                cls._instance._initialized = False
                ^~~~~~~~~~~~~~~~~~~~~~~~~~
agentflow/sandbox/workspace.py:421:12: error: Cannot determine type of
"_initialized"  [has-type]
            if self._initialized:
               ^~~~~~~~~~~~~~~~~
agentflow/sandbox/manager.py:163:10: error: Function
"agentflow.sandbox.manager.SandboxManager.list" is not valid as a type 
[valid-type]
        ) -> list[str]:
             ^
agentflow/sandbox/manager.py:163:10: note: Perhaps you need "Callable[...]" or a callback protocol?
agentflow/decorators.py:72:34: error: "type[T]" has no attribute "__file__" 
[attr-defined]
                    class_dir = Path(cls.__file__).parent
                                     ^~~~~~~~~~~~
agentflow/decorators.py:80:21: error: Type cannot be declared in assignment to
non-self attribute  [misc]
                        self._metadata: AgentMetadata = loader.load_from_f...
                        ^~~~~~~~~~~~~~
agentflow/decorators.py:84: error: Unused "type: ignore" comment 
[unused-ignore]
                        self._metadata = None  # type: ignore
                        ^~~~~~~~~~~~~~~~~~~~~~~~~~~~~~~~~~~~
agentflow/decorators.py:87: error: Unused "type: ignore" comment 
[unused-ignore]
                    self._metadata = None  # type: ignore
                    ^~~~~~~~~~~~~~~~~~~~~~~~~~~~~~~~~~~~
agentflow/flow/executor.py:158:33: error: Incompatible types in assignment
(expression has type "NodeCompleteEvent", variable has type "NodeErrorEvent") 
[assignment]
                            event = NodeCompleteEvent(
                                    ^~~~~~~~~~~~~~~~~~
agentflow/flow/executor.py:186:37: error: Incompatible types in assignment
(expression has type "FlowCompleteEvent", variable has type "NodeErrorEvent") 
[assignment]
                                event = FlowCompleteEvent(
                                        ^~~~~~~~~~~~~~~~~~
agentflow/flow/executor.py:199:37: error: Incompatible types in assignment
(expression has type "FlowErrorEvent", variable has type "NodeErrorEvent") 
[assignment]
                                event = FlowErrorEvent(
                                        ^~~~~~~~~~~~~~~
agentflow/memory/episodic_memory.py:374:9: error: Returning Any from function
declared to return "float"  [no-any-return]
            return dot_product / (norm1 * norm2)
            ^~~~~~~~~~~~~~~~~~~~~~~~~~~~~~~~~~~~
agentflow/datalake/core.py:76:28: error: Missing type parameters for generic
type "dict"  [type-arg]
        content: bytes | str | dict | list | Any = Field(description="コンテン...
                               ^
agentflow/datalake/core.py:76:35: error: Missing type parameters for generic
type "list"  [type-arg]
        content: bytes | str | dict | list | Any = Field(description="コンテン...
                                      ^
agentflow/skills/builtin/intelligence/report_builder.py:125:17: error:
Returning Any from function declared to return "str"  [no-any-return]
                    return response.get("content", "")
                    ^~~~~~~~~~~~~~~~~~~~~~~~~~~~~~~~~~
agentflow/skills/builtin/ecommerce/listing_generator.py:233:17: error:
Returning Any from function declared to return "str"  [no-any-return]
                    return response.get("content", "")[: self._config.max_...
                    ^~~~~~~~~~~~~~~~~~~~~~~~~~~~~~~~~~~~~~~~~~~~~~~~~~~~~~...
agentflow/skills/builtin/ecommerce/listing_generator.py:291:17: error:
Returning Any from function declared to return "str"  [no-any-return]
                    return response.get("content", "")
                    ^~~~~~~~~~~~~~~~~~~~~~~~~~~~~~~~~~
agentflow/skills/builtin/ecommerce/daily_report.py:382:54: error: Missing type
parameters for generic type "dict"  [type-arg]
        def _format_campaign_table(self, campaigns: list[dict]) -> str:
                                                         ^
agentflow/skills/builtin/ecommerce/daily_report.py:414:17: error: Returning Any
from function declared to return "str"  [no-any-return]
                    return response.get("content", "")
                    ^~~~~~~~~~~~~~~~~~~~~~~~~~~~~~~~~~
agentflow/skills/builtin/code_analysis/static_analyzer.py:145:33: error:
Missing type parameters for generic type "dict"  [type-arg]
            files: list[str] | list[dict] | None = None,
                                    ^
agentflow/core/blueprint.py:151:31: error: Argument 1 to "append" of "list" has
incompatible type "SkillConfig"; expected "str"  [arg-type]
                    result.append(SkillConfig(**item))
                                  ^~~~~~~~~~~~~~~~~~~
agentflow/core/blueprint.py:154:16: error: Incompatible return value type (got
"list[str]", expected "list[SkillConfig | str]")  [return-value]
            return result
                   ^~~~~~
agentflow/core/blueprint.py:154:16: note: "list" is invariant -- see https://mypy.readthedocs.io/en/stable/common_issues.html#variance
agentflow/core/blueprint.py:154:16: note: Consider using "Sequence" instead, which is covariant
agentflow/core/blueprint.py:154:16: note: Perhaps you need a type annotation for "result"? Suggestion: "list[SkillConfig | str]"
agentflow/core/blueprint.py:167:31: error: Argument 1 to "append" of "list" has
incompatible type "ToolConfig"; expected "str"  [arg-type]
                    result.append(ToolConfig(**item))
                                  ^~~~~~~~~~~~~~~~~~
agentflow/core/blueprint.py:170:16: error: Incompatible return value type (got
"list[str]", expected "list[ToolConfig | str]")  [return-value]
            return result
                   ^~~~~~
agentflow/core/blueprint.py:170:16: note: "list" is invariant -- see https://mypy.readthedocs.io/en/stable/common_issues.html#variance
agentflow/core/blueprint.py:170:16: note: Consider using "Sequence" instead, which is covariant
agentflow/core/blueprint.py:170:16: note: Perhaps you need a type annotation for "result"? Suggestion: "list[ToolConfig | str]"
agentflow/evolution/storage/models.py:61:26: error: Missing type parameters for
generic type "dict"  [type-arg]
        capsule_json: Mapped[dict] = mapped_column(_JSON_TYPE, nullable=Fa...
                             ^
agentflow/evolution/storage/models.py:137:26: error: Missing type parameters
for generic type "dict"  [type-arg]
        payload_json: Mapped[dict] = mapped_column(_JSON_TYPE, nullable=Fa...
                             ^
agentflow/evolution/storage/models.py:188:25: error: Missing type parameters
for generic type "dict"  [type-arg]
        checks_json: Mapped[dict] = mapped_column(_JSON_TYPE, nullable=Fal...
                            ^
agentflow/core/manager.py:106:49: error: Argument 1 to "validate_agent" of
"AgentBlockManager" has incompatible type "AgentMetadata | None"; expected
"AgentMetadata"  [arg-type]
            validation_result = self.validate_agent(agent_block.metadata)
                                                    ^~~~~~~~~~~~~~~~~~~~
agentflow/core/manager.py:201:20: error: Item "None" of "AgentMetadata | None"
has no attribute "meta"  [union-attr]
                meta = agent_block.metadata.meta
                       ^~~~~~~~~~~~~~~~~~~~~~~~~
agentflow/core/manager.py:244:24: error: Item "None" of "AgentMetadata | None"
has no attribute "dependencies"  [union-attr]
            dependencies = agent_block.metadata.dependencies
                           ^~~~~~~~~~~~~~~~~~~~~~~~~~~~~~~~~
agentflow/skills/voice.py:156:13: error: Returning Any from function declared
to return "str"  [no-any-return]
                return response.json().get("text", "")
                ^~~~~~~~~~~~~~~~~~~~~~~~~~~~~~~~~~~~~~
agentflow/skills/voice.py:245:13: error: Returning Any from function declared
to return "str"  [no-any-return]
                return response.json().get("text", "")
                ^~~~~~~~~~~~~~~~~~~~~~~~~~~~~~~~~~~~~~
agentflow/skills/builtin/voice/voice.py:156:13: error: Returning Any from
function declared to return "str"  [no-any-return]
                return response.json().get("text", "")
                ^~~~~~~~~~~~~~~~~~~~~~~~~~~~~~~~~~~~~~
agentflow/skills/builtin/voice/voice.py:245:13: error: Returning Any from
function declared to return "str"  [no-any-return]
                return response.json().get("text", "")
                ^~~~~~~~~~~~~~~~~~~~~~~~~~~~~~~~~~~~~~
agentflow/skills/builtin/design_skills/tools/comfyui_client.py:54:22: error:
Argument "base_url" to "AsyncClient" has incompatible type "str | None";
expected "URL | str"  [arg-type]
                base_url=self._base_url,
                         ^~~~~~~~~~~~~~
agentflow/skills/builtin/design_skills/tools/comfyui_client.py:212:21: error:
Returning Any from function declared to return "dict[str, Any]"  [no-any-return]
                        return history[prompt_id]
                        ^~~~~~~~~~~~~~~~~~~~~~~~~
agentflow/security/providers/google.py:11:5: error: Function is missing a
return type annotation  [no-untyped-def]
        async def _get_endpoints(self):
        ^~~~~~~~~~~~~~~~~~~~~~~~~~~~~~~
agentflow/security/providers/google.py:22:27: error: Call to untyped function
"_get_endpoints" in typed context  [no-untyped-call]
            endpoints = await self._get_endpoints()
                              ^~~~~~~~~~~~~~~~~~~~~
agentflow/security/providers/google.py:36:27: error: Call to untyped function
"_get_endpoints" in typed context  [no-untyped-call]
            endpoints = await self._get_endpoints()
                              ^~~~~~~~~~~~~~~~~~~~~
agentflow/security/providers/google.py:53:27: error: Call to untyped function
"_get_endpoints" in typed context  [no-untyped-call]
            endpoints = await self._get_endpoints()
                              ^~~~~~~~~~~~~~~~~~~~~
agentflow/security/providers/azure_ad.py:13:5: error: Function is missing a
return type annotation  [no-untyped-def]
        async def _get_endpoints(self):
        ^~~~~~~~~~~~~~~~~~~~~~~~~~~~~~~
agentflow/security/providers/azure_ad.py:21:27: error: Call to untyped function
"_get_endpoints" in typed context  [no-untyped-call]
            endpoints = await self._get_endpoints()
                              ^~~~~~~~~~~~~~~~~~~~~
agentflow/security/providers/azure_ad.py:34:27: error: Call to untyped function
"_get_endpoints" in typed context  [no-untyped-call]
            endpoints = await self._get_endpoints()
                              ^~~~~~~~~~~~~~~~~~~~~
agentflow/security/providers/azure_ad.py:52:27: error: Call to untyped function
"_get_endpoints" in typed context  [no-untyped-call]
            endpoints = await self._get_endpoints()
                              ^~~~~~~~~~~~~~~~~~~~~
agentflow/protocols/ucp/ucp_client.py:183:17: error: Returning Any from
function declared to return "dict[str, Any]"  [no-any-return]
                    return response.json()
                    ^~~~~~~~~~~~~~~~~~~~~~
agentflow/protocols/ucp/ucp_client.py:237:13: error: Returning Any from
function declared to return "UCPIntentResponse"  [no-any-return]
                return cached
                ^~~~~~~~~~~~~
agentflow/hitl/notification.py:304:40: error: Incompatible types in assignment
(expression has type "bool | BaseException", target has type "bool") 
[assignment]
                        results[channel] = result
                                           ^~~~~~
agentflow/evolution/service_client.py:47:9: error: Returning Any from function
declared to return "dict[str, Any]"  [no-any-return]
            return response.json()
            ^~~~~~~~~~~~~~~~~~~~~~
agentflow/evolution/service_client.py:82:9: error: Returning Any from function
declared to return "dict[str, Any]"  [no-any-return]
            return response.json()
            ^~~~~~~~~~~~~~~~~~~~~~
agentflow/evolution/service_client.py:90:9: error: Returning Any from function
declared to return "dict[str, Any]"  [no-any-return]
            return response.json()
            ^~~~~~~~~~~~~~~~~~~~~~
agentflow/observability/setup.py:200:17: error: Returning Any from function
declared to return "Response"  [no-any-return]
                    return response
                    ^~~~~~~~~~~~~~~
agentflow/integrations/websocket_integration.py:230:31: error: Missing type
parameters for generic type "Task"  [type-arg]
            self._heartbeat_task: asyncio.Task | None = None
                                  ^
agentflow/hitl/api.py:115:44: error: Argument "tags" to "APIRouter" has
incompatible type "list[str]"; expected "list[str | Enum] | None"  [arg-type]
        router = APIRouter(prefix=prefix, tags=tags or ["hitl"])
                                               ^~~~~~~~~~~~~~~~
agentflow/hitl/api.py:115:44: note: "list" is invariant -- see https://mypy.readthedocs.io/en/stable/common_issues.html#variance
agentflow/hitl/api.py:115:44: note: Consider using "Sequence" instead, which is covariant
agentflow/api/router_factory.py:111:20: error: Redundant cast to
"dict[str, Any]"  [redundant-cast]
                return cast(dict[str, Any], APIResponse.ok(data=result).mo...
                       ^
agentflow/api/router_factory.py:114:20: error: Redundant cast to
"dict[str, Any]"  [redundant-cast]
                return cast(
                       ^
agentflow/protocols/ucp/ucp_adapter.py:198:28: error: Unexpected keyword
argument "ucp_metadata" for "DirectOffer"  [call-arg]
                direct_offer = DirectOffer(
                               ^~~~~~~~~~~~
agentflow/sdk/api/router.py:130:44: error: Argument "tags" to "APIRouter" has
incompatible type "list[str]"; expected "list[str | Enum] | None"  [arg-type]
        router = APIRouter(prefix=prefix, tags=tags or [])
                                               ^~~~~~~~~~
agentflow/sdk/api/router.py:130:44: note: "list" is invariant -- see https://mypy.readthedocs.io/en/stable/common_issues.html#variance
agentflow/sdk/api/router.py:130:44: note: Consider using "Sequence" instead, which is covariant
agentflow/sdk/api/router.py:137:13: error: Returning Any from function declared
to return "T"  [no-any-return]
                return engine()
                ^~~~~~~~~~~~~~~
agentflow/sdk/api/router.py:196:9: error: Function is missing a return type
annotation  [no-untyped-def]
            async def stream(
            ^~~~~~~~~~~~~~~~~
agentflow/sdk/api/router.py:212:40: error: Argument 1 to "create_sse_response"
has incompatible type "Coroutine[Any, Any, Any]"; expected
"AsyncGenerator[dict[str, Any] | BaseModel, None]"  [arg-type]
                return create_sse_response(eng.process_with_events(request...
                                           ^~~~~~~~~~~~~~~~~~~~~~~~~~~~~~~...
agentflow/hitl/__init__.py:77:1: error: Function is missing a type annotation
for one or more arguments  [no-untyped-def]
    def get_checkpointer(
    ^~~~~~~~~~~~~~~~~~~~~
agentflow/observability/otel_exporter.py:91:41: error: Dict entry 0 has
incompatible type "str": "str | None"; expected "str":
"int | float | Sequence[str] | Sequence[int] | Sequence[float]"  [dict-item]
                resource = Resource.create({"service.name": self._service_...
                                            ^~~~~~~~~~~~~~~~~~~~~~~~~~~~~~...
agentflow/observability/otel_exporter.py:134:40: error: Argument 1 to "post" of
"Client" has incompatible type "str | None"; expected "URL | str"  [arg-type]
                    response = client.post(self._endpoint, json=payload, h...
                                           ^~~~~~~~~~~~~~
agentflow/memory/embeddings/openai_embeddings.py:80:13: error: Returning Any
from function declared to return "list[float]"  [no-any-return]
                return embedding
                ^~~~~~~~~~~~~~~~
agentflow/memory/embeddings/openai_embeddings.py:116:16: error: Incompatible
return value type (got "int | None", expected "int")  [return-value]
            return self._dimension
                   ^~~~~~~~~~~~~~~
agentflow/cli/commands/marketplace.py:147:24: error: Unexpected keyword
argument "version" for "install" of "MarketplaceClient"; did you mean
"_version"?  [call-arg]
            install_path = client.install(agent_id, version=version, force...
                           ^~~~~~~~~~~~~~~~~~~~~~~~~~~~~~~~~~~~~~~~~~~~~~~...
agentflow/marketplace/client.py:125:5: note: "install" of "MarketplaceClient" defined here
agentflow/engines/base.py:137:27: error: Redundant cast to "RunStore" 
[redundant-cast]
            self._run_store = cast("RunStore", self._config.run_store)
                              ^
agentflow/engines/base.py:139:13: error: Statement is unreachable 
[unreachable]
                self._config.lightning = LightningRuntimeConfig.model_vali...
                ^~~~~~~~~~~~~~~~~~~~~~~~~~~~~~~~~~~~~~~~~~~~~~~~~~~~~~~~~~...
agentflow/engines/simple_engine.py:153:13: error: Returning Any from function
declared to return "dict[str, Any]"  [no-any-return]
                return result.model_dump()
                ^~~~~~~~~~~~~~~~~~~~~~~~~~
agentflow/engines/gate_engine.py:121:13: error: Returning Any from function
declared to return "dict[str, Any]"  [no-any-return]
                return result.model_dump()
                ^~~~~~~~~~~~~~~~~~~~~~~~~~
agentflow/protocols/mcp_client.py:241:35: error: Incompatible types in
assignment (expression has type "str | None", variable has type "str") 
[assignment]
                is_valid, error_msg = self._validator.validate(schema, arg...
                                      ^
agentflow/config/settings.py:50:19: error: Incompatible types in assignment
(expression has type "None", variable has type
"Callable[[str | PathLike[str] | None, IO[str] | None, bool, bool, bool, str | None], bool]")
 [assignment]
        load_dotenv = None
                      ^~~~
agentflow/config/settings.py:316:9: error: Statement is unreachable 
[unreachable]
            return
            ^~~~~~
agentflow/providers/llm_provider.py:160:26: error: Item "None" of
"LLMClient | None" has no attribute "chat"  [union-attr]
            response = await self._client.chat(llm_messages, **kwargs)
                             ^~~~~~~~~~~~~~~~~
agentflow/providers/llm_provider.py:173:26: error: Item "None" of
"LLMClient | None" has no attribute "complete"  [union-attr]
            response = await self._client.complete(prompt, **kwargs)
                             ^~~~~~~~~~~~~~~~~~~~~
agentflow/providers/llm_provider.py:193:28: error: Item "None" of
"LLMClient | None" has no attribute "stream"  [union-attr]
            async for chunk in self._client.stream(llm_messages, **kwargs)...
                               ^~~~~~~~~~~~~~~~~~~
agentflow/providers/db_provider.py:206:9: error: Returning Any from function
declared to return "list[dict[str, Any]]"  [no-any-return]
            return query.execute().data
            ^~~~~~~~~~~~~~~~~~~~~~~~~~~
agentflow/providers/db_provider.py:218:9: error: Returning Any from function
declared to return "list[dict[str, Any]]"  [no-any-return]
            return query.execute().data
            ^~~~~~~~~~~~~~~~~~~~~~~~~~~
agentflow/providers/db_provider.py:296:16: error: Incompatible types in
assignment (expression has type "MockDBProvider", variable has type
"SupabaseDBProvider")  [assignment]
        provider = MockDBProvider()
                   ^~~~~~~~~~~~~~~~
agentflow/providers/unified_tool.py:503:9: error: Returning Any from function
declared to return "dict[str, Any]"  [no-any-return]
            return json.loads(json_string)
            ^~~~~~~~~~~~~~~~~~~~~~~~~~~~~~
agentflow/wizard/test_synthesizer.py:288:26: error: Item "LLMProvider" of
"Any | LLMProvider" has no attribute "generate"  [union-attr]
            response = await self._llm.generate(prompt)
                             ^~~~~~~~~~~~~~~~~~
agentflow/testing/fixtures.py:43:25: error: Module has no attribute
"_llm_instance"  [attr-defined]
        original_instance = llm_provider._llm_instance
                            ^~~~~~~~~~~~~~~~~~~~~~~~~~
agentflow/testing/fixtures.py:44:5: error: Module has no attribute
"_llm_instance"  [attr-defined]
        llm_provider._llm_instance = mock
        ^~~~~~~~~~~~~~~~~~~~~~~~~~
agentflow/testing/fixtures.py:49:9: error: Module has no attribute
"_llm_instance"  [attr-defined]
            llm_provider._llm_instance = original_instance
            ^~~~~~~~~~~~~~~~~~~~~~~~~~
agentflow/skills/document.py:517:9: error: Returning Any from function declared
to return "dict[str, Any]"  [no-any-return]
            return result
            ^~~~~~~~~~~~~
agentflow/services/sql_postprocessor.py:178:25: error: Incompatible types in
assignment (expression has type "LLMProvider", variable has type "None") 
[assignment]
                self._llm = get_llm(temperature=0)
                            ^~~~~~~~~~~~~~~~~~~~~~
agentflow/services/sql_postprocessor.py:220:21: error: Statement is unreachable
 [unreachable]
                        correction = await self._llm_correct(cleaned_sql, ...
                        ^~~~~~~~~~~~~~~~~~~~~~~~~~~~~~~~~~~~~~~~~~~~~~~~~~...
agentflow/services/sql_postprocessor.py:368:9: error: Statement is unreachable 
[unreachable]
            prompt = f"""あなたは SQL エキスパートです。
            ^~~~~~~~~~~~~~~~~~~~~~~~~~~~~~~
agentflow/services/sql_postprocessor.py:446:21: error: Statement is unreachable
 [unreachable]
                        correction = await self._llm_correct(
                        ^~~~~~~~~~~~~~~~~~~~~~~~~~~~~~~~~~~~~
agentflow/services/schema_linker.py:137:25: error: Incompatible types in
assignment (expression has type "LLMProvider", variable has type "None") 
[assignment]
                self._llm = get_llm(temperature=0)
                            ^~~~~~~~~~~~~~~~~~~~~~
agentflow/services/schema_linker.py:162:13: error: Statement is unreachable 
[unreachable]
                llm_scores = await self._llm_score(query)
                ^~~~~~~~~~~~~~~~~~~~~~~~~~~~~~~~~~~~~~~~~
agentflow/services/schema_linker.py:259:9: error: Statement is unreachable 
[unreachable]
            schema_summary = self._get_schema_summary()
            ^~~~~~~~~~~~~~~~~~~~~~~~~~~~~~~~~~~~~~~~~~~
agentflow/core/resilient_agent.py:177:39: error: Unexpected keyword argument
"include_builtin" for "ToolProvider"  [call-arg]
                    self._tool_provider = ToolProvider(include_builtin=Tru...
                                          ^~~~~~~~~~~~~~~~~~~~~~~~~~~~~~~~~~
agentflow/providers/tool_provider.py: note: "ToolProvider" defined here
agentflow/core/resilient_agent.py:273:13: error: Returning Any from function
declared to return "float"  [no-any-return]
                return self.retry_delay * (2**attempt)
                ^~~~~~~~~~~~~~~~~~~~~~~~~~~~~~~~~~~~~~
Found 205 errors in 113 files (checked 596 source files)
ERROR conda.cli.main_run:execute(142): `conda run mypy agentflow --ignore-missing-imports` failed. (See above for error)
[エラー] MyPy 型チェックに失敗しました
[分類][MyPy] エラーコード上位:
     50 no-any-return
     25 arg-type
     19 assignment
     17 type-arg
     16 union-attr
     15 unreachable
     14 attr-defined
     10 str
      9 no-untyped-def
      6 no-untyped-call
[分類][MyPy] ファイル上位:
    4 agentflow/skills/builtin/bi_analytics/connector.py
    4 agentflow/services/sql_postprocessor.py
    4 agentflow/security/saml.py
    4 agentflow/security/providers/google.py
    4 agentflow/security/providers/azure_ad.py
    4 agentflow/sdk/api/router.py
    4 agentflow/run/lightning.py
    4 agentflow/decorators.py
    4 agentflow/core/blueprint.py
    3 agentflow/testing/fixtures.py
[分析][MyPy] 自動修復可否:
  - 半自動で対応可能: import-untyped（types-* stub 追加）
  - 自動修復困難: call-arg / arg-type / assignment / union-attr / override / no-any-return
    -> これらは型定義・実装整合性の修正が必要
